<?xml version="1.0" encoding="UTF-8"?>
<coverage generated="1726869367306" clover="3.2.0">
  <project timestamp="1726869367306" name="All files">
    <metrics statements="67" coveredstatements="64" conditionals="36" coveredconditionals="34" methods="14" coveredmethods="12" elements="117" coveredelements="110" complexity="0" loc="67" ncloc="67" packages="1" files="2" classes="2"/>
    <file name="gameBoard.js" path="/home/mostafa/web/projects/Battleship/src/modules/gameBoard.js">
      <metrics statements="55" coveredstatements="52" conditionals="30" coveredconditionals="28" methods="8" coveredmethods="6"/>
      <line num="4" count="18" type="stmt"/>
      <line num="5" count="18" type="stmt"/>
      <line num="6" count="18" type="stmt"/>
      <line num="26" count="14" type="stmt"/>
      <line num="27" count="14" type="stmt"/>
      <line num="30" count="14" type="stmt"/>
      <line num="31" count="14" type="stmt"/>
      <line num="32" count="14" type="stmt"/>
      <line num="33" count="14" type="stmt"/>
      <line num="34" count="70" type="stmt"/>
      <line num="35" count="70" type="stmt"/>
      <line num="37" count="14" type="stmt"/>
      <line num="40" count="14" type="stmt"/>
      <line num="41" count="1" type="stmt"/>
      <line num="42" count="5" type="stmt"/>
      <line num="43" count="5" type="stmt"/>
      <line num="44" count="5" type="stmt"/>
      <line num="45" count="5" type="stmt"/>
      <line num="46" count="4" type="stmt"/>
      <line num="47" count="4" type="stmt"/>
      <line num="48" count="4" type="stmt"/>
      <line num="51" count="1" type="stmt"/>
      <line num="54" count="14" type="stmt"/>
      <line num="55" count="20" type="stmt"/>
      <line num="56" count="20" type="cond" truecount="6" falsecount="0"/>
      <line num="57" count="2" type="stmt"/>
      <line num="58" count="18" type="cond" truecount="2" falsecount="0"/>
      <line num="60" count="6" type="cond" truecount="2" falsecount="0"/>
      <line num="61" count="5" type="stmt"/>
      <line num="62" count="23" type="cond" truecount="1" falsecount="1"/>
      <line num="64" count="5" type="stmt"/>
      <line num="65" count="23" type="stmt"/>
      <line num="68" count="17" type="cond" truecount="2" falsecount="0"/>
      <line num="70" count="12" type="cond" truecount="2" falsecount="0"/>
      <line num="71" count="9" type="stmt"/>
      <line num="72" count="25" type="cond" truecount="2" falsecount="0"/>
      <line num="74" count="6" type="stmt"/>
      <line num="75" count="20" type="stmt"/>
      <line num="78" count="11" type="stmt"/>
      <line num="81" count="14" type="stmt"/>
      <line num="82" count="7" type="cond" truecount="2" falsecount="0"/>
      <line num="90" count="3" type="stmt"/>
      <line num="91" count="4" type="cond" truecount="2" falsecount="0"/>
      <line num="92" count="2" type="stmt"/>
      <line num="93" count="2" type="cond" truecount="1" falsecount="1"/>
      <line num="94" count="0" type="stmt"/>
      <line num="96" count="2" type="stmt"/>
      <line num="97" count="2" type="stmt"/>
      <line num="98" count="4" type="stmt"/>
      <line num="101" count="14" type="stmt"/>
      <line num="102" count="0" type="stmt"/>
      <line num="105" count="14" type="stmt"/>
      <line num="106" count="0" type="stmt"/>
      <line num="109" count="14" type="stmt"/>
      <line num="111" count="14" type="stmt"/>
    </file>
    <file name="ship.js" path="/home/mostafa/web/projects/Battleship/src/modules/ship.js">
      <metrics statements="12" coveredstatements="12" conditionals="6" coveredconditionals="6" methods="6" coveredmethods="6"/>
      <line num="5" count="77" type="stmt"/>
      <line num="6" count="77" type="cond" truecount="4" falsecount="0"/>
      <line num="7" count="77" type="stmt"/>
      <line num="8" count="77" type="stmt"/>
      <line num="11" count="77" type="stmt"/>
      <line num="12" count="77" type="stmt"/>
      <line num="13" count="77" type="stmt"/>
      <line num="15" count="77" type="stmt"/>
      <line num="16" count="7" type="stmt"/>
      <line num="17" count="7" type="cond" truecount="2" falsecount="0"/>
      <line num="20" count="77" type="stmt"/>
      <line num="21" count="77" type="stmt"/>
    </file>
  </project>
</coverage>
