{"/home/mostafa/web/projects/Battleship/src/modules/gameBoard.js": {"path":"/home/mostafa/web/projects/Battleship/src/modules/gameBoard.js","statementMap":{"0":{"start":{"line":4,"column":20},"end":{"line":4,"column":34}},"1":{"start":{"line":5,"column":21},"end":{"line":5,"column":36}},"2":{"start":{"line":6,"column":2},"end":{"line":6,"column":78}},"3":{"start":{"line":26,"column":16},"end":{"line":26,"column":24}},"4":{"start":{"line":27,"column":20},"end":{"line":27,"column":30}},"5":{"start":{"line":30,"column":22},"end":{"line":38,"column":3}},"6":{"start":{"line":31,"column":4},"end":{"line":31,"column":25}},"7":{"start":{"line":32,"column":27},"end":{"line":32,"column":42}},"8":{"start":{"line":33,"column":4},"end":{"line":36,"column":5}},"9":{"start":{"line":33,"column":17},"end":{"line":33,"column":18}},"10":{"start":{"line":34,"column":19},"end":{"line":34,"column":48}},"11":{"start":{"line":35,"column":6},"end":{"line":35,"column":22}},"12":{"start":{"line":37,"column":4},"end":{"line":37,"column":20}},"13":{"start":{"line":40,"column":29},"end":{"line":52,"column":3}},"14":{"start":{"line":41,"column":4},"end":{"line":50,"column":5}},"15":{"start":{"line":41,"column":17},"end":{"line":41,"column":18}},"16":{"start":{"line":42,"column":22},"end":{"line":42,"column":40}},"17":{"start":{"line":43,"column":22},"end":{"line":43,"column":50}},"18":{"start":{"line":44,"column":22},"end":{"line":44,"column":50}},"19":{"start":{"line":45,"column":6},"end":{"line":49,"column":7}},"20":{"start":{"line":46,"column":8},"end":{"line":46,"column":39}},"21":{"start":{"line":47,"column":8},"end":{"line":47,"column":49}},"22":{"start":{"line":48,"column":8},"end":{"line":48,"column":49}},"23":{"start":{"line":51,"column":4},"end":{"line":51,"column":16}},"24":{"start":{"line":54,"column":27},"end":{"line":79,"column":3}},"25":{"start":{"line":55,"column":23},"end":{"line":55,"column":48}},"26":{"start":{"line":56,"column":4},"end":{"line":57,"column":19}},"27":{"start":{"line":57,"column":6},"end":{"line":57,"column":19}},"28":{"start":{"line":58,"column":4},"end":{"line":67,"column":5}},"29":{"start":{"line":60,"column":6},"end":{"line":60,"column":51}},"30":{"start":{"line":60,"column":38},"end":{"line":60,"column":51}},"31":{"start":{"line":61,"column":6},"end":{"line":63,"column":7}},"32":{"start":{"line":61,"column":19},"end":{"line":61,"column":20}},"33":{"start":{"line":62,"column":8},"end":{"line":62,"column":70}},"34":{"start":{"line":62,"column":57},"end":{"line":62,"column":70}},"35":{"start":{"line":64,"column":6},"end":{"line":66,"column":7}},"36":{"start":{"line":64,"column":19},"end":{"line":64,"column":20}},"37":{"start":{"line":65,"column":8},"end":{"line":65,"column":65}},"38":{"start":{"line":68,"column":4},"end":{"line":77,"column":5}},"39":{"start":{"line":70,"column":6},"end":{"line":70,"column":51}},"40":{"start":{"line":70,"column":38},"end":{"line":70,"column":51}},"41":{"start":{"line":71,"column":6},"end":{"line":73,"column":7}},"42":{"start":{"line":71,"column":19},"end":{"line":71,"column":20}},"43":{"start":{"line":72,"column":8},"end":{"line":72,"column":68}},"44":{"start":{"line":72,"column":55},"end":{"line":72,"column":68}},"45":{"start":{"line":74,"column":6},"end":{"line":76,"column":7}},"46":{"start":{"line":74,"column":19},"end":{"line":74,"column":20}},"47":{"start":{"line":75,"column":8},"end":{"line":75,"column":63}},"48":{"start":{"line":78,"column":4},"end":{"line":78,"column":16}},"49":{"start":{"line":81,"column":24},"end":{"line":99,"column":3}},"50":{"start":{"line":82,"column":4},"end":{"line":90,"column":18}},"51":{"start":{"line":90,"column":6},"end":{"line":90,"column":18}},"52":{"start":{"line":91,"column":4},"end":{"line":97,"column":44}},"53":{"start":{"line":92,"column":6},"end":{"line":92,"column":51}},"54":{"start":{"line":93,"column":6},"end":{"line":95,"column":7}},"55":{"start":{"line":94,"column":8},"end":{"line":94,"column":22}},"56":{"start":{"line":96,"column":6},"end":{"line":96,"column":38}},"57":{"start":{"line":97,"column":11},"end":{"line":97,"column":44}},"58":{"start":{"line":98,"column":4},"end":{"line":98,"column":39}},"59":{"start":{"line":101,"column":20},"end":{"line":103,"column":3}},"60":{"start":{"line":102,"column":4},"end":{"line":102,"column":29}},"61":{"start":{"line":105,"column":2},"end":{"line":105,"column":16}},"62":{"start":{"line":107,"column":2},"end":{"line":107,"column":76}}},"fnMap":{"0":{"name":"getRandomIntInclusive","decl":{"start":{"line":3,"column":9},"end":{"line":3,"column":30}},"loc":{"start":{"line":3,"column":41},"end":{"line":7,"column":1}},"line":3},"1":{"name":"createBoard","decl":{"start":{"line":25,"column":9},"end":{"line":25,"column":20}},"loc":{"start":{"line":25,"column":23},"end":{"line":108,"column":1}},"line":25},"2":{"name":"(anonymous_2)","decl":{"start":{"line":30,"column":22},"end":{"line":30,"column":23}},"loc":{"start":{"line":30,"column":28},"end":{"line":38,"column":3}},"line":30},"3":{"name":"(anonymous_3)","decl":{"start":{"line":40,"column":29},"end":{"line":40,"column":30}},"loc":{"start":{"line":40,"column":35},"end":{"line":52,"column":3}},"line":40},"4":{"name":"(anonymous_4)","decl":{"start":{"line":54,"column":27},"end":{"line":54,"column":28}},"loc":{"start":{"line":54,"column":72},"end":{"line":79,"column":3}},"line":54},"5":{"name":"(anonymous_5)","decl":{"start":{"line":81,"column":24},"end":{"line":81,"column":25}},"loc":{"start":{"line":81,"column":40},"end":{"line":99,"column":3}},"line":81},"6":{"name":"(anonymous_6)","decl":{"start":{"line":101,"column":20},"end":{"line":101,"column":21}},"loc":{"start":{"line":101,"column":26},"end":{"line":103,"column":3}},"line":101}},"branchMap":{"0":{"loc":{"start":{"line":56,"column":4},"end":{"line":57,"column":19}},"type":"if","locations":[{"start":{"line":56,"column":4},"end":{"line":57,"column":19}},{"start":{},"end":{}}],"line":56},"1":{"loc":{"start":{"line":56,"column":8},"end":{"line":56,"column":72}},"type":"binary-expr","locations":[{"start":{"line":56,"column":8},"end":{"line":56,"column":21}},{"start":{"line":56,"column":25},"end":{"line":56,"column":38}},{"start":{"line":56,"column":42},"end":{"line":56,"column":55}},{"start":{"line":56,"column":59},"end":{"line":56,"column":72}}],"line":56},"2":{"loc":{"start":{"line":58,"column":4},"end":{"line":67,"column":5}},"type":"if","locations":[{"start":{"line":58,"column":4},"end":{"line":67,"column":5}},{"start":{},"end":{}}],"line":58},"3":{"loc":{"start":{"line":60,"column":6},"end":{"line":60,"column":51}},"type":"if","locations":[{"start":{"line":60,"column":6},"end":{"line":60,"column":51}},{"start":{},"end":{}}],"line":60},"4":{"loc":{"start":{"line":62,"column":8},"end":{"line":62,"column":70}},"type":"if","locations":[{"start":{"line":62,"column":8},"end":{"line":62,"column":70}},{"start":{},"end":{}}],"line":62},"5":{"loc":{"start":{"line":68,"column":4},"end":{"line":77,"column":5}},"type":"if","locations":[{"start":{"line":68,"column":4},"end":{"line":77,"column":5}},{"start":{},"end":{}}],"line":68},"6":{"loc":{"start":{"line":70,"column":6},"end":{"line":70,"column":51}},"type":"if","locations":[{"start":{"line":70,"column":6},"end":{"line":70,"column":51}},{"start":{},"end":{}}],"line":70},"7":{"loc":{"start":{"line":72,"column":8},"end":{"line":72,"column":68}},"type":"if","locations":[{"start":{"line":72,"column":8},"end":{"line":72,"column":68}},{"start":{},"end":{}}],"line":72},"8":{"loc":{"start":{"line":82,"column":4},"end":{"line":90,"column":18}},"type":"if","locations":[{"start":{"line":82,"column":4},"end":{"line":90,"column":18}},{"start":{},"end":{}}],"line":82},"9":{"loc":{"start":{"line":83,"column":6},"end":{"line":88,"column":39}},"type":"binary-expr","locations":[{"start":{"line":83,"column":6},"end":{"line":83,"column":14}},{"start":{"line":84,"column":6},"end":{"line":84,"column":14}},{"start":{"line":85,"column":6},"end":{"line":85,"column":14}},{"start":{"line":86,"column":6},"end":{"line":86,"column":14}},{"start":{"line":87,"column":6},"end":{"line":87,"column":40}},{"start":{"line":88,"column":6},"end":{"line":88,"column":39}}],"line":83},"10":{"loc":{"start":{"line":91,"column":4},"end":{"line":97,"column":44}},"type":"if","locations":[{"start":{"line":91,"column":4},"end":{"line":97,"column":44}},{"start":{"line":97,"column":11},"end":{"line":97,"column":44}}],"line":91},"11":{"loc":{"start":{"line":93,"column":6},"end":{"line":95,"column":7}},"type":"if","locations":[{"start":{"line":93,"column":6},"end":{"line":95,"column":7}},{"start":{},"end":{}}],"line":93}},"s":{"0":16,"1":16,"2":16,"3":14,"4":14,"5":14,"6":14,"7":14,"8":14,"9":14,"10":70,"11":70,"12":14,"13":14,"14":1,"15":1,"16":5,"17":5,"18":5,"19":5,"20":3,"21":3,"22":3,"23":1,"24":14,"25":19,"26":19,"27":3,"28":16,"29":6,"30":1,"31":5,"32":5,"33":23,"34":0,"35":5,"36":5,"37":23,"38":15,"39":10,"40":2,"41":8,"42":8,"43":23,"44":2,"45":6,"46":6,"47":20,"48":11,"49":14,"50":7,"51":3,"52":4,"53":2,"54":2,"55":0,"56":2,"57":2,"58":4,"59":14,"60":0,"61":14,"62":14},"f":{"0":16,"1":14,"2":14,"3":1,"4":19,"5":7,"6":0},"b":{"0":[3,16],"1":[19,17,17,16],"2":[6,10],"3":[1,5],"4":[0,23],"5":[10,5],"6":[2,8],"7":[2,21],"8":[3,4],"9":[7,6,6,6,6,5],"10":[2,2],"11":[0,2]},"_coverageSchema":"1a1c01bbd47fc00a2c39e90264f33305004495a9","hash":"665a033aafd7c5356e3225a2298acd2e216194a5"}
,"/home/mostafa/web/projects/Battleship/src/modules/ship.js": {"path":"/home/mostafa/web/projects/Battleship/src/modules/ship.js","statementMap":{"0":{"start":{"line":5,"column":22},"end":{"line":9,"column":3}},"1":{"start":{"line":6,"column":4},"end":{"line":6,"column":57}},"2":{"start":{"line":7,"column":4},"end":{"line":7,"column":18}},"3":{"start":{"line":8,"column":4},"end":{"line":8,"column":16}},"4":{"start":{"line":11,"column":20},"end":{"line":11,"column":33}},"5":{"start":{"line":11,"column":26},"end":{"line":11,"column":33}},"6":{"start":{"line":12,"column":17},"end":{"line":12,"column":28}},"7":{"start":{"line":12,"column":23},"end":{"line":12,"column":28}},"8":{"start":{"line":13,"column":20},"end":{"line":13,"column":33}},"9":{"start":{"line":13,"column":26},"end":{"line":13,"column":33}},"10":{"start":{"line":15,"column":14},"end":{"line":18,"column":3}},"11":{"start":{"line":16,"column":4},"end":{"line":16,"column":14}},"12":{"start":{"line":17,"column":4},"end":{"line":17,"column":41}},"13":{"start":{"line":17,"column":28},"end":{"line":17,"column":41}},"14":{"start":{"line":20,"column":2},"end":{"line":20,"column":22}},"15":{"start":{"line":21,"column":2},"end":{"line":21,"column":47}}},"fnMap":{"0":{"name":"createShip","decl":{"start":{"line":1,"column":9},"end":{"line":1,"column":19}},"loc":{"start":{"line":1,"column":28},"end":{"line":22,"column":1}},"line":1},"1":{"name":"(anonymous_1)","decl":{"start":{"line":5,"column":22},"end":{"line":5,"column":23}},"loc":{"start":{"line":5,"column":34},"end":{"line":9,"column":3}},"line":5},"2":{"name":"(anonymous_2)","decl":{"start":{"line":11,"column":20},"end":{"line":11,"column":21}},"loc":{"start":{"line":11,"column":26},"end":{"line":11,"column":33}},"line":11},"3":{"name":"(anonymous_3)","decl":{"start":{"line":12,"column":17},"end":{"line":12,"column":18}},"loc":{"start":{"line":12,"column":23},"end":{"line":12,"column":28}},"line":12},"4":{"name":"(anonymous_4)","decl":{"start":{"line":13,"column":20},"end":{"line":13,"column":21}},"loc":{"start":{"line":13,"column":26},"end":{"line":13,"column":33}},"line":13},"5":{"name":"(anonymous_5)","decl":{"start":{"line":15,"column":14},"end":{"line":15,"column":15}},"loc":{"start":{"line":15,"column":20},"end":{"line":18,"column":3}},"line":15}},"branchMap":{"0":{"loc":{"start":{"line":6,"column":14},"end":{"line":6,"column":56}},"type":"cond-expr","locations":[{"start":{"line":6,"column":43},"end":{"line":6,"column":49}},{"start":{"line":6,"column":52},"end":{"line":6,"column":56}}],"line":6},"1":{"loc":{"start":{"line":6,"column":14},"end":{"line":6,"column":40}},"type":"binary-expr","locations":[{"start":{"line":6,"column":14},"end":{"line":6,"column":25}},{"start":{"line":6,"column":29},"end":{"line":6,"column":40}}],"line":6},"2":{"loc":{"start":{"line":17,"column":4},"end":{"line":17,"column":41}},"type":"if","locations":[{"start":{"line":17,"column":4},"end":{"line":17,"column":41}},{"start":{},"end":{}}],"line":17}},"s":{"0":77,"1":77,"2":77,"3":77,"4":77,"5":21,"6":77,"7":4,"8":77,"9":3,"10":77,"11":7,"12":7,"13":2,"14":77,"15":77},"f":{"0":77,"1":77,"2":21,"3":4,"4":3,"5":7},"b":{"0":[76,1],"1":[77,77],"2":[2,5]},"_coverageSchema":"1a1c01bbd47fc00a2c39e90264f33305004495a9","hash":"8f480ce793fce0d0efad2a0a6865f47692120025"}
}
