TN:
SF:src/modules/gameBoard.js
FN:3,getRandomIntInclusive
FN:25,createBoard
FN:30,(anonymous_2)
FN:40,(anonymous_3)
FN:54,(anonymous_4)
FN:81,(anonymous_5)
FN:101,(anonymous_6)
FNF:7
FNH:6
FNDA:16,getRandomIntInclusive
FNDA:14,createBoard
FNDA:14,(anonymous_2)
FNDA:1,(anonymous_3)
FNDA:19,(anonymous_4)
FNDA:7,(anonymous_5)
FNDA:0,(anonymous_6)
DA:4,16
DA:5,16
DA:6,16
DA:26,14
DA:27,14
DA:30,14
DA:31,14
DA:32,14
DA:33,14
DA:34,70
DA:35,70
DA:37,14
DA:40,14
DA:41,1
DA:42,5
DA:43,5
DA:44,5
DA:45,5
DA:46,3
DA:47,3
DA:48,3
DA:51,1
DA:54,14
DA:55,19
DA:56,19
DA:57,3
DA:58,16
DA:60,6
DA:61,5
DA:62,23
DA:64,5
DA:65,23
DA:68,15
DA:70,10
DA:71,8
DA:72,23
DA:74,6
DA:75,20
DA:78,11
DA:81,14
DA:82,7
DA:90,3
DA:91,4
DA:92,2
DA:93,2
DA:94,0
DA:96,2
DA:97,2
DA:98,4
DA:101,14
DA:102,0
DA:105,14
DA:107,14
LF:53
LH:51
BRDA:56,0,0,3
BRDA:56,0,1,16
BRDA:56,1,0,19
BRDA:56,1,1,17
BRDA:56,1,2,17
BRDA:56,1,3,16
BRDA:58,2,0,6
BRDA:58,2,1,10
BRDA:60,3,0,1
BRDA:60,3,1,5
BRDA:62,4,0,0
BRDA:62,4,1,23
BRDA:68,5,0,10
BRDA:68,5,1,5
BRDA:70,6,0,2
BRDA:70,6,1,8
BRDA:72,7,0,2
BRDA:72,7,1,21
BRDA:82,8,0,3
BRDA:82,8,1,4
BRDA:83,9,0,7
BRDA:83,9,1,6
BRDA:83,9,2,6
BRDA:83,9,3,6
BRDA:83,9,4,6
BRDA:83,9,5,5
BRDA:91,10,0,2
BRDA:91,10,1,2
BRDA:93,11,0,0
BRDA:93,11,1,2
BRF:30
BRH:28
end_of_record
TN:
SF:src/modules/ship.js
FN:1,createShip
FN:5,(anonymous_1)
FN:11,(anonymous_2)
FN:12,(anonymous_3)
FN:13,(anonymous_4)
FN:15,(anonymous_5)
FNF:6
FNH:6
FNDA:77,createShip
FNDA:77,(anonymous_1)
FNDA:21,(anonymous_2)
FNDA:4,(anonymous_3)
FNDA:3,(anonymous_4)
FNDA:7,(anonymous_5)
DA:5,77
DA:6,77
DA:7,77
DA:8,77
DA:11,77
DA:12,77
DA:13,77
DA:15,77
DA:16,7
DA:17,7
DA:20,77
DA:21,77
LF:12
LH:12
BRDA:6,0,0,76
BRDA:6,0,1,1
BRDA:6,1,0,77
BRDA:6,1,1,77
BRDA:17,2,0,2
BRDA:17,2,1,5
BRF:6
BRH:6
end_of_record
